{"/Users/bugra/Documents/AI_Bootcamp/innovat-epam-portal/innovat-epam-portal/lib/services/auth-service.ts": {"path":"/Users/bugra/Documents/AI_Bootcamp/innovat-epam-portal/innovat-epam-portal/lib/services/auth-service.ts","statementMap":{"0":{"start":{"line":10,"column":20},"end":{"line":10,"column":null}},"1":{"start":{"line":18,"column":21},"end":{"line":18,"column":null}},"2":{"start":{"line":19,"column":4},"end":{"line":24,"column":null}},"3":{"start":{"line":20,"column":6},"end":{"line":23,"column":null}},"4":{"start":{"line":26,"column":4},"end":{"line":35,"column":null}},"5":{"start":{"line":27,"column":27},"end":{"line":27,"column":null}},"6":{"start":{"line":28,"column":19},"end":{"line":28,"column":null}},"7":{"start":{"line":29,"column":6},"end":{"line":29,"column":null}},"8":{"start":{"line":31,"column":6},"end":{"line":34,"column":null}},"9":{"start":{"line":48,"column":17},"end":{"line":48,"column":null}},"10":{"start":{"line":49,"column":4},"end":{"line":54,"column":null}},"11":{"start":{"line":50,"column":6},"end":{"line":53,"column":null}},"12":{"start":{"line":56,"column":4},"end":{"line":76,"column":null}},"13":{"start":{"line":57,"column":30},"end":{"line":57,"column":null}},"14":{"start":{"line":58,"column":6},"end":{"line":63,"column":null}},"15":{"start":{"line":59,"column":8},"end":{"line":62,"column":null}},"16":{"start":{"line":65,"column":6},"end":{"line":70,"column":null}},"17":{"start":{"line":72,"column":6},"end":{"line":75,"column":null}},"18":{"start":{"line":80,"column":27},"end":{"line":80,"column":null}}},"fnMap":{"0":{"name":"(anonymous_0)","decl":{"start":{"line":17,"column":8},"end":{"line":17,"column":17}},"loc":{"start":{"line":17,"column":101},"end":{"line":36,"column":null}},"line":17},"1":{"name":"(anonymous_1)","decl":{"start":{"line":42,"column":8},"end":{"line":42,"column":26}},"loc":{"start":{"line":47,"column":6},"end":{"line":77,"column":null}},"line":47}},"branchMap":{"0":{"loc":{"start":{"line":19,"column":4},"end":{"line":24,"column":null}},"type":"if","locations":[{"start":{"line":19,"column":4},"end":{"line":24,"column":null}},{"start":{},"end":{}}],"line":19},"1":{"loc":{"start":{"line":49,"column":4},"end":{"line":54,"column":null}},"type":"if","locations":[{"start":{"line":49,"column":4},"end":{"line":54,"column":null}},{"start":{},"end":{}}],"line":49},"2":{"loc":{"start":{"line":58,"column":6},"end":{"line":63,"column":null}},"type":"if","locations":[{"start":{"line":58,"column":6},"end":{"line":63,"column":null}},{"start":{},"end":{}}],"line":58}},"s":{"0":1,"1":3,"2":3,"3":1,"4":2,"5":2,"6":2,"7":1,"8":1,"9":4,"10":4,"11":1,"12":3,"13":3,"14":2,"15":1,"16":1,"17":1,"18":1},"f":{"0":3,"1":4},"b":{"0":[1,2],"1":[1,3],"2":[1,1]},"meta":{"lastBranch":3,"lastFunction":2,"lastStatement":19,"seen":{"s:10:20:10:Infinity":0,"f:17:8:17:17":0,"s:18:21:18:Infinity":1,"b:19:4:24:Infinity:undefined:undefined:undefined:undefined":0,"s:19:4:24:Infinity":2,"s:20:6:23:Infinity":3,"s:26:4:35:Infinity":4,"s:27:27:27:Infinity":5,"s:28:19:28:Infinity":6,"s:29:6:29:Infinity":7,"s:31:6:34:Infinity":8,"f:42:8:42:26":1,"s:48:17:48:Infinity":9,"b:49:4:54:Infinity:undefined:undefined:undefined:undefined":1,"s:49:4:54:Infinity":10,"s:50:6:53:Infinity":11,"s:56:4:76:Infinity":12,"s:57:30:57:Infinity":13,"b:58:6:63:Infinity:undefined:undefined:undefined:undefined":2,"s:58:6:63:Infinity":14,"s:59:8:62:Infinity":15,"s:65:6:70:Infinity":16,"s:72:6:75:Infinity":17,"s:80:27:80:Infinity":18}}}
,"/Users/bugra/Documents/AI_Bootcamp/innovat-epam-portal/innovat-epam-portal/lib/services/evaluation-service.ts": {"path":"/Users/bugra/Documents/AI_Bootcamp/innovat-epam-portal/innovat-epam-portal/lib/services/evaluation-service.ts","statementMap":{"0":{"start":{"line":10,"column":52},"end":{"line":17,"column":null}},"1":{"start":{"line":32,"column":4},"end":{"line":97,"column":null}},"2":{"start":{"line":34,"column":19},"end":{"line":34,"column":null}},"3":{"start":{"line":35,"column":6},"end":{"line":40,"column":null}},"4":{"start":{"line":36,"column":8},"end":{"line":39,"column":null}},"5":{"start":{"line":43,"column":33},"end":{"line":43,"column":null}},"6":{"start":{"line":44,"column":6},"end":{"line":49,"column":null}},"7":{"start":{"line":45,"column":8},"end":{"line":48,"column":null}},"8":{"start":{"line":52,"column":6},"end":{"line":58,"column":null}},"9":{"start":{"line":53,"column":8},"end":{"line":57,"column":null}},"10":{"start":{"line":61,"column":25},"end":{"line":61,"column":null}},"11":{"start":{"line":62,"column":6},"end":{"line":70,"column":null}},"12":{"start":{"line":73,"column":26},"end":{"line":73,"column":null}},"13":{"start":{"line":74,"column":6},"end":{"line":74,"column":null}},"14":{"start":{"line":76,"column":6},"end":{"line":76,"column":null}},"15":{"start":{"line":78,"column":22},"end":{"line":78,"column":null}},"16":{"start":{"line":80,"column":6},"end":{"line":90,"column":null}},"17":{"start":{"line":86,"column":8},"end":{"line":89,"column":null}},"18":{"start":{"line":92,"column":6},"end":{"line":96,"column":null}},"19":{"start":{"line":101,"column":33},"end":{"line":101,"column":null}}},"fnMap":{"0":{"name":"(anonymous_0)","decl":{"start":{"line":24,"column":8},"end":{"line":24,"column":null}},"loc":{"start":{"line":31,"column":27},"end":{"line":98,"column":null}},"line":31}},"branchMap":{"0":{"loc":{"start":{"line":35,"column":6},"end":{"line":40,"column":null}},"type":"if","locations":[{"start":{"line":35,"column":6},"end":{"line":40,"column":null}},{"start":{},"end":{}}],"line":35},"1":{"loc":{"start":{"line":43,"column":33},"end":{"line":43,"column":null}},"type":"binary-expr","locations":[{"start":{"line":43,"column":33},"end":{"line":43,"column":67}},{"start":{"line":43,"column":67},"end":{"line":43,"column":null}}],"line":43},"2":{"loc":{"start":{"line":44,"column":6},"end":{"line":49,"column":null}},"type":"if","locations":[{"start":{"line":44,"column":6},"end":{"line":49,"column":null}},{"start":{},"end":{}}],"line":44},"3":{"loc":{"start":{"line":52,"column":6},"end":{"line":58,"column":null}},"type":"if","locations":[{"start":{"line":52,"column":6},"end":{"line":58,"column":null}},{"start":{},"end":{}}],"line":52},"4":{"loc":{"start":{"line":52,"column":6},"end":{"line":52,"column":109}},"type":"binary-expr","locations":[{"start":{"line":52,"column":11},"end":{"line":52,"column":38}},{"start":{"line":52,"column":38},"end":{"line":52,"column":67}},{"start":{"line":52,"column":67},"end":{"line":52,"column":79}},{"start":{"line":52,"column":79},"end":{"line":52,"column":109}}],"line":52},"5":{"loc":{"start":{"line":73,"column":26},"end":{"line":73,"column":null}},"type":"cond-expr","locations":[{"start":{"line":73,"column":80},"end":{"line":73,"column":93}},{"start":{"line":73,"column":93},"end":{"line":73,"column":null}}],"line":73},"6":{"loc":{"start":{"line":73,"column":26},"end":{"line":73,"column":80}},"type":"binary-expr","locations":[{"start":{"line":73,"column":26},"end":{"line":73,"column":53}},{"start":{"line":73,"column":53},"end":{"line":73,"column":80}}],"line":73},"7":{"loc":{"start":{"line":78,"column":22},"end":{"line":78,"column":null}},"type":"cond-expr","locations":[{"start":{"line":78,"column":47},"end":{"line":78,"column":63}},{"start":{"line":78,"column":63},"end":{"line":78,"column":null}}],"line":78},"8":{"loc":{"start":{"line":80,"column":6},"end":{"line":90,"column":null}},"type":"if","locations":[{"start":{"line":80,"column":6},"end":{"line":90,"column":null}},{"start":{},"end":{}}],"line":80},"9":{"loc":{"start":{"line":81,"column":8},"end":{"line":84,"column":null}},"type":"binary-expr","locations":[{"start":{"line":81,"column":8},"end":{"line":81,"column":null}},{"start":{"line":82,"column":9},"end":{"line":82,"column":null}},{"start":{"line":83,"column":10},"end":{"line":83,"column":null}},{"start":{"line":84,"column":10},"end":{"line":84,"column":null}}],"line":81}},"s":{"0":1,"1":15,"2":15,"3":15,"4":1,"5":14,"6":15,"7":4,"8":10,"9":3,"10":7,"11":7,"12":7,"13":15,"14":7,"15":0,"16":0,"17":0,"18":0,"19":1},"f":{"0":15},"b":{"0":[1,14],"1":[14,0],"2":[4,11],"3":[3,7],"4":[10,7,5,3],"5":[2,5],"6":[7,6],"7":[0,0],"8":[0,0],"9":[0,0,0,0]},"meta":{"lastBranch":10,"lastFunction":1,"lastStatement":20,"seen":{"s:10:52:17:Infinity":0,"f:24:8:24:Infinity":0,"s:32:4:97:Infinity":1,"s:34:19:34:Infinity":2,"b:35:6:40:Infinity:undefined:undefined:undefined:undefined":0,"s:35:6:40:Infinity":3,"s:36:8:39:Infinity":4,"s:43:33:43:Infinity":5,"b:43:33:43:67:43:67:43:Infinity":1,"b:44:6:49:Infinity:undefined:undefined:undefined:undefined":2,"s:44:6:49:Infinity":6,"s:45:8:48:Infinity":7,"b:52:6:58:Infinity:undefined:undefined:undefined:undefined":3,"s:52:6:58:Infinity":8,"b:52:11:52:38:52:38:52:67:52:67:52:79:52:79:52:109":4,"s:53:8:57:Infinity":9,"s:61:25:61:Infinity":10,"s:62:6:70:Infinity":11,"s:73:26:73:Infinity":12,"b:73:80:73:93:73:93:73:Infinity":5,"b:73:26:73:53:73:53:73:80":6,"s:74:6:74:Infinity":13,"s:76:6:76:Infinity":14,"s:78:22:78:Infinity":15,"b:78:47:78:63:78:63:78:Infinity":7,"b:80:6:90:Infinity:undefined:undefined:undefined:undefined":8,"s:80:6:90:Infinity":16,"b:81:8:81:Infinity:82:9:82:Infinity:83:10:83:Infinity:84:10:84:Infinity":9,"s:86:8:89:Infinity":17,"s:92:6:96:Infinity":18,"s:101:33:101:Infinity":19}}}
,"/Users/bugra/Documents/AI_Bootcamp/innovat-epam-portal/innovat-epam-portal/lib/services/idea-service.ts": {"path":"/Users/bugra/Documents/AI_Bootcamp/innovat-epam-portal/innovat-epam-portal/lib/services/idea-service.ts","statementMap":{"0":{"start":{"line":23,"column":4},"end":{"line":31,"column":null}},"1":{"start":{"line":24,"column":19},"end":{"line":24,"column":null}},"2":{"start":{"line":25,"column":6},"end":{"line":25,"column":null}},"3":{"start":{"line":27,"column":6},"end":{"line":30,"column":null}},"4":{"start":{"line":38,"column":4},"end":{"line":46,"column":null}},"5":{"start":{"line":39,"column":20},"end":{"line":39,"column":null}},"6":{"start":{"line":40,"column":6},"end":{"line":40,"column":null}},"7":{"start":{"line":42,"column":6},"end":{"line":45,"column":null}},"8":{"start":{"line":53,"column":4},"end":{"line":61,"column":null}},"9":{"start":{"line":54,"column":21},"end":{"line":54,"column":null}},"10":{"start":{"line":55,"column":6},"end":{"line":55,"column":null}},"11":{"start":{"line":57,"column":6},"end":{"line":60,"column":null}},"12":{"start":{"line":68,"column":4},"end":{"line":91,"column":null}},"13":{"start":{"line":69,"column":19},"end":{"line":69,"column":null}},"14":{"start":{"line":70,"column":6},"end":{"line":75,"column":null}},"15":{"start":{"line":71,"column":8},"end":{"line":74,"column":null}},"16":{"start":{"line":78,"column":6},"end":{"line":83,"column":null}},"17":{"start":{"line":79,"column":8},"end":{"line":82,"column":null}},"18":{"start":{"line":85,"column":6},"end":{"line":85,"column":null}},"19":{"start":{"line":87,"column":6},"end":{"line":90,"column":null}},"20":{"start":{"line":98,"column":4},"end":{"line":106,"column":null}},"21":{"start":{"line":99,"column":20},"end":{"line":99,"column":null}},"22":{"start":{"line":100,"column":6},"end":{"line":100,"column":null}},"23":{"start":{"line":102,"column":6},"end":{"line":105,"column":null}},"24":{"start":{"line":119,"column":4},"end":{"line":137,"column":null}},"25":{"start":{"line":121,"column":19},"end":{"line":121,"column":null}},"26":{"start":{"line":122,"column":6},"end":{"line":127,"column":null}},"27":{"start":{"line":123,"column":8},"end":{"line":126,"column":null}},"28":{"start":{"line":130,"column":6},"end":{"line":130,"column":null}},"29":{"start":{"line":131,"column":6},"end":{"line":131,"column":null}},"30":{"start":{"line":133,"column":6},"end":{"line":136,"column":null}},"31":{"start":{"line":152,"column":4},"end":{"line":177,"column":null}},"32":{"start":{"line":153,"column":19},"end":{"line":153,"column":null}},"33":{"start":{"line":154,"column":6},"end":{"line":156,"column":null}},"34":{"start":{"line":155,"column":8},"end":{"line":155,"column":null}},"35":{"start":{"line":158,"column":6},"end":{"line":160,"column":null}},"36":{"start":{"line":159,"column":8},"end":{"line":159,"column":null}},"37":{"start":{"line":162,"column":6},"end":{"line":164,"column":null}},"38":{"start":{"line":163,"column":8},"end":{"line":163,"column":null}},"39":{"start":{"line":166,"column":26},"end":{"line":172,"column":null}},"40":{"start":{"line":174,"column":6},"end":{"line":174,"column":null}},"41":{"start":{"line":176,"column":6},"end":{"line":176,"column":null}},"42":{"start":{"line":184,"column":4},"end":{"line":199,"column":null}},"43":{"start":{"line":185,"column":19},"end":{"line":185,"column":null}},"44":{"start":{"line":186,"column":6},"end":{"line":188,"column":null}},"45":{"start":{"line":187,"column":8},"end":{"line":187,"column":null}},"46":{"start":{"line":189,"column":6},"end":{"line":191,"column":null}},"47":{"start":{"line":190,"column":8},"end":{"line":190,"column":null}},"48":{"start":{"line":192,"column":6},"end":{"line":194,"column":null}},"49":{"start":{"line":193,"column":8},"end":{"line":193,"column":null}},"50":{"start":{"line":195,"column":6},"end":{"line":195,"column":null}},"51":{"start":{"line":196,"column":6},"end":{"line":196,"column":null}},"52":{"start":{"line":198,"column":6},"end":{"line":198,"column":null}},"53":{"start":{"line":203,"column":27},"end":{"line":203,"column":null}}},"fnMap":{"0":{"name":"(anonymous_0)","decl":{"start":{"line":15,"column":8},"end":{"line":15,"column":null}},"loc":{"start":{"line":22,"column":41},"end":{"line":32,"column":null}},"line":22},"1":{"name":"(anonymous_1)","decl":{"start":{"line":37,"column":8},"end":{"line":37,"column":26}},"loc":{"start":{"line":37,"column":72},"end":{"line":47,"column":null}},"line":37},"2":{"name":"(anonymous_2)","decl":{"start":{"line":52,"column":8},"end":{"line":52,"column":27}},"loc":{"start":{"line":52,"column":73},"end":{"line":62,"column":null}},"line":52},"3":{"name":"(anonymous_3)","decl":{"start":{"line":67,"column":8},"end":{"line":67,"column":22}},"loc":{"start":{"line":67,"column":120},"end":{"line":92,"column":null}},"line":67},"4":{"name":"(anonymous_4)","decl":{"start":{"line":97,"column":8},"end":{"line":97,"column":47}},"loc":{"start":{"line":97,"column":47},"end":{"line":107,"column":null}},"line":97},"5":{"name":"(anonymous_5)","decl":{"start":{"line":112,"column":8},"end":{"line":112,"column":null}},"loc":{"start":{"line":118,"column":27},"end":{"line":138,"column":null}},"line":118},"6":{"name":"(anonymous_6)","decl":{"start":{"line":143,"column":8},"end":{"line":143,"column":null}},"loc":{"start":{"line":151,"column":27},"end":{"line":178,"column":null}},"line":151},"7":{"name":"(anonymous_7)","decl":{"start":{"line":183,"column":8},"end":{"line":183,"column":19}},"loc":{"start":{"line":183,"column":74},"end":{"line":200,"column":null}},"line":183}},"branchMap":{"0":{"loc":{"start":{"line":20,"column":4},"end":{"line":20,"column":null}},"type":"default-arg","locations":[{"start":{"line":20,"column":27},"end":{"line":20,"column":null}}],"line":20},"1":{"loc":{"start":{"line":21,"column":4},"end":{"line":21,"column":null}},"type":"default-arg","locations":[{"start":{"line":21,"column":36},"end":{"line":21,"column":null}}],"line":21},"2":{"loc":{"start":{"line":70,"column":6},"end":{"line":75,"column":null}},"type":"if","locations":[{"start":{"line":70,"column":6},"end":{"line":75,"column":null}},{"start":{},"end":{}}],"line":70},"3":{"loc":{"start":{"line":78,"column":6},"end":{"line":83,"column":null}},"type":"if","locations":[{"start":{"line":78,"column":6},"end":{"line":83,"column":null}},{"start":{},"end":{}}],"line":78},"4":{"loc":{"start":{"line":78,"column":10},"end":{"line":78,"column":67}},"type":"binary-expr","locations":[{"start":{"line":78,"column":10},"end":{"line":78,"column":38}},{"start":{"line":78,"column":38},"end":{"line":78,"column":67}}],"line":78},"5":{"loc":{"start":{"line":122,"column":6},"end":{"line":127,"column":null}},"type":"if","locations":[{"start":{"line":122,"column":6},"end":{"line":127,"column":null}},{"start":{},"end":{}}],"line":122},"6":{"loc":{"start":{"line":154,"column":6},"end":{"line":156,"column":null}},"type":"if","locations":[{"start":{"line":154,"column":6},"end":{"line":156,"column":null}},{"start":{},"end":{}}],"line":154},"7":{"loc":{"start":{"line":158,"column":6},"end":{"line":160,"column":null}},"type":"if","locations":[{"start":{"line":158,"column":6},"end":{"line":160,"column":null}},{"start":{},"end":{}}],"line":158},"8":{"loc":{"start":{"line":162,"column":6},"end":{"line":164,"column":null}},"type":"if","locations":[{"start":{"line":162,"column":6},"end":{"line":164,"column":null}},{"start":{},"end":{}}],"line":162},"9":{"loc":{"start":{"line":186,"column":6},"end":{"line":188,"column":null}},"type":"if","locations":[{"start":{"line":186,"column":6},"end":{"line":188,"column":null}},{"start":{},"end":{}}],"line":186},"10":{"loc":{"start":{"line":189,"column":6},"end":{"line":191,"column":null}},"type":"if","locations":[{"start":{"line":189,"column":6},"end":{"line":191,"column":null}},{"start":{},"end":{}}],"line":189},"11":{"loc":{"start":{"line":192,"column":6},"end":{"line":194,"column":null}},"type":"if","locations":[{"start":{"line":192,"column":6},"end":{"line":194,"column":null}},{"start":{},"end":{}}],"line":192}},"s":{"0":4,"1":4,"2":3,"3":1,"4":3,"5":3,"6":2,"7":1,"8":0,"9":0,"10":0,"11":0,"12":5,"13":5,"14":4,"15":1,"16":3,"17":1,"18":2,"19":1,"20":2,"21":2,"22":1,"23":1,"24":0,"25":0,"26":0,"27":0,"28":0,"29":0,"30":0,"31":0,"32":0,"33":0,"34":0,"35":0,"36":0,"37":0,"38":0,"39":0,"40":0,"41":0,"42":0,"43":0,"44":0,"45":0,"46":0,"47":0,"48":0,"49":0,"50":0,"51":0,"52":0,"53":1},"f":{"0":4,"1":3,"2":0,"3":5,"4":2,"5":0,"6":0,"7":0},"b":{"0":[4],"1":[4],"2":[1,3],"3":[1,2],"4":[3,2],"5":[0,0],"6":[0,0],"7":[0,0],"8":[0,0],"9":[0,0],"10":[0,0],"11":[0,0]},"meta":{"lastBranch":12,"lastFunction":8,"lastStatement":54,"seen":{"f:15:8:15:Infinity":0,"b:20:27:20:Infinity":0,"b:21:36:21:Infinity":1,"s:23:4:31:Infinity":0,"s:24:19:24:Infinity":1,"s:25:6:25:Infinity":2,"s:27:6:30:Infinity":3,"f:37:8:37:26":1,"s:38:4:46:Infinity":4,"s:39:20:39:Infinity":5,"s:40:6:40:Infinity":6,"s:42:6:45:Infinity":7,"f:52:8:52:27":2,"s:53:4:61:Infinity":8,"s:54:21:54:Infinity":9,"s:55:6:55:Infinity":10,"s:57:6:60:Infinity":11,"f:67:8:67:22":3,"s:68:4:91:Infinity":12,"s:69:19:69:Infinity":13,"b:70:6:75:Infinity:undefined:undefined:undefined:undefined":2,"s:70:6:75:Infinity":14,"s:71:8:74:Infinity":15,"b:78:6:83:Infinity:undefined:undefined:undefined:undefined":3,"s:78:6:83:Infinity":16,"b:78:10:78:38:78:38:78:67":4,"s:79:8:82:Infinity":17,"s:85:6:85:Infinity":18,"s:87:6:90:Infinity":19,"f:97:8:97:47":4,"s:98:4:106:Infinity":20,"s:99:20:99:Infinity":21,"s:100:6:100:Infinity":22,"s:102:6:105:Infinity":23,"f:112:8:112:Infinity":5,"s:119:4:137:Infinity":24,"s:121:19:121:Infinity":25,"b:122:6:127:Infinity:undefined:undefined:undefined:undefined":5,"s:122:6:127:Infinity":26,"s:123:8:126:Infinity":27,"s:130:6:130:Infinity":28,"s:131:6:131:Infinity":29,"s:133:6:136:Infinity":30,"f:143:8:143:Infinity":6,"s:152:4:177:Infinity":31,"s:153:19:153:Infinity":32,"b:154:6:156:Infinity:undefined:undefined:undefined:undefined":6,"s:154:6:156:Infinity":33,"s:155:8:155:Infinity":34,"b:158:6:160:Infinity:undefined:undefined:undefined:undefined":7,"s:158:6:160:Infinity":35,"s:159:8:159:Infinity":36,"b:162:6:164:Infinity:undefined:undefined:undefined:undefined":8,"s:162:6:164:Infinity":37,"s:163:8:163:Infinity":38,"s:166:26:172:Infinity":39,"s:174:6:174:Infinity":40,"s:176:6:176:Infinity":41,"f:183:8:183:19":7,"s:184:4:199:Infinity":42,"s:185:19:185:Infinity":43,"b:186:6:188:Infinity:undefined:undefined:undefined:undefined":9,"s:186:6:188:Infinity":44,"s:187:8:187:Infinity":45,"b:189:6:191:Infinity:undefined:undefined:undefined:undefined":10,"s:189:6:191:Infinity":46,"s:190:8:190:Infinity":47,"b:192:6:194:Infinity:undefined:undefined:undefined:undefined":11,"s:192:6:194:Infinity":48,"s:193:8:193:Infinity":49,"s:195:6:195:Infinity":50,"s:196:6:196:Infinity":51,"s:198:6:198:Infinity":52,"s:203:27:203:Infinity":53}}}
,"/Users/bugra/Documents/AI_Bootcamp/innovat-epam-portal/innovat-epam-portal/lib/types/result.ts": {"path":"/Users/bugra/Documents/AI_Bootcamp/innovat-epam-portal/innovat-epam-portal/lib/types/result.ts","statementMap":{"0":{"start":{"line":17,"column":2},"end":{"line":17,"column":null}},"1":{"start":{"line":21,"column":2},"end":{"line":24,"column":null}},"2":{"start":{"line":28,"column":2},"end":{"line":28,"column":null}},"3":{"start":{"line":32,"column":2},"end":{"line":32,"column":null}}},"fnMap":{"0":{"name":"success","decl":{"start":{"line":16,"column":16},"end":{"line":16,"column":27}},"loc":{"start":{"line":16,"column":47},"end":{"line":18,"column":null}},"line":16},"1":{"name":"failure","decl":{"start":{"line":20,"column":16},"end":{"line":20,"column":27}},"loc":{"start":{"line":20,"column":105},"end":{"line":25,"column":null}},"line":20},"2":{"name":"isSuccess","decl":{"start":{"line":27,"column":16},"end":{"line":27,"column":29}},"loc":{"start":{"line":27,"column":81},"end":{"line":29,"column":null}},"line":27},"3":{"name":"isFailure","decl":{"start":{"line":31,"column":16},"end":{"line":31,"column":29}},"loc":{"start":{"line":31,"column":90},"end":{"line":33,"column":null}},"line":31}},"branchMap":{},"s":{"0":24,"1":24,"2":2,"3":2},"f":{"0":24,"1":24,"2":2,"3":2},"b":{},"meta":{"lastBranch":0,"lastFunction":4,"lastStatement":4,"seen":{"f:16:16:16:27":0,"s:17:2:17:Infinity":0,"f:20:16:20:27":1,"s:21:2:24:Infinity":1,"f:27:16:27:29":2,"s:28:2:28:Infinity":2,"f:31:16:31:29":3,"s:32:2:32:Infinity":3}}}
,"/Users/bugra/Documents/AI_Bootcamp/innovat-epam-portal/innovat-epam-portal/lib/utils/api-error.ts": {"path":"/Users/bugra/Documents/AI_Bootcamp/innovat-epam-portal/innovat-epam-portal/lib/utils/api-error.ts","statementMap":{"0":{"start":{"line":13,"column":4},"end":{"line":13,"column":null}},"1":{"start":{"line":9,"column":11},"end":{"line":9,"column":null}},"2":{"start":{"line":10,"column":11},"end":{"line":10,"column":null}},"3":{"start":{"line":11,"column":11},"end":{"line":11,"column":null}},"4":{"start":{"line":14,"column":4},"end":{"line":14,"column":null}},"5":{"start":{"line":19,"column":2},"end":{"line":25,"column":null}},"6":{"start":{"line":20,"column":4},"end":{"line":24,"column":null}},"7":{"start":{"line":27,"column":2},"end":{"line":32,"column":null}},"8":{"start":{"line":28,"column":4},"end":{"line":31,"column":null}},"9":{"start":{"line":34,"column":2},"end":{"line":37,"column":null}},"10":{"start":{"line":41,"column":27},"end":{"line":51,"column":null}}},"fnMap":{"0":{"name":"(anonymous_0)","decl":{"start":{"line":8,"column":2},"end":{"line":8,"column":null}},"loc":{"start":{"line":12,"column":4},"end":{"line":15,"column":null}},"line":12},"1":{"name":"parseApiError","decl":{"start":{"line":18,"column":16},"end":{"line":18,"column":30}},"loc":{"start":{"line":18,"column":56},"end":{"line":38,"column":null}},"line":18}},"branchMap":{"0":{"loc":{"start":{"line":19,"column":2},"end":{"line":25,"column":null}},"type":"if","locations":[{"start":{"line":19,"column":2},"end":{"line":25,"column":null}},{"start":{},"end":{}}],"line":19},"1":{"loc":{"start":{"line":27,"column":2},"end":{"line":32,"column":null}},"type":"if","locations":[{"start":{"line":27,"column":2},"end":{"line":32,"column":null}},{"start":{},"end":{}}],"line":27}},"s":{"0":0,"1":0,"2":0,"3":0,"4":0,"5":0,"6":0,"7":0,"8":0,"9":0,"10":3},"f":{"0":0,"1":0},"b":{"0":[0,0],"1":[0,0]},"meta":{"lastBranch":2,"lastFunction":2,"lastStatement":11,"seen":{"f:8:2:8:Infinity":0,"s:13:4:13:Infinity":0,"s:9:11:9:Infinity":1,"s:10:11:10:Infinity":2,"s:11:11:11:Infinity":3,"s:14:4:14:Infinity":4,"f:18:16:18:30":1,"b:19:2:25:Infinity:undefined:undefined:undefined:undefined":0,"s:19:2:25:Infinity":5,"s:20:4:24:Infinity":6,"b:27:2:32:Infinity:undefined:undefined:undefined:undefined":1,"s:27:2:32:Infinity":7,"s:28:4:31:Infinity":8,"s:34:2:37:Infinity":9,"s:41:27:51:Infinity":10}}}
,"/Users/bugra/Documents/AI_Bootcamp/innovat-epam-portal/innovat-epam-portal/lib/utils/file.ts": {"path":"/Users/bugra/Documents/AI_Bootcamp/innovat-epam-portal/innovat-epam-portal/lib/utils/file.ts","statementMap":{"0":{"start":{"line":8,"column":27},"end":{"line":29,"column":null}},"1":{"start":{"line":32,"column":32},"end":{"line":54,"column":null}},"2":{"start":{"line":57,"column":8},"end":{"line":57,"column":null}},"3":{"start":{"line":59,"column":2},"end":{"line":61,"column":null}},"4":{"start":{"line":60,"column":4},"end":{"line":60,"column":null}},"5":{"start":{"line":63,"column":2},"end":{"line":66,"column":null}},"6":{"start":{"line":64,"column":22},"end":{"line":64,"column":null}},"7":{"start":{"line":65,"column":4},"end":{"line":65,"column":null}},"8":{"start":{"line":68,"column":2},"end":{"line":68,"column":null}},"9":{"start":{"line":72,"column":19},"end":{"line":72,"column":null}},"10":{"start":{"line":73,"column":2},"end":{"line":73,"column":null}},"11":{"start":{"line":77,"column":2},"end":{"line":77,"column":null}},"12":{"start":{"line":81,"column":18},"end":{"line":81,"column":null}},"13":{"start":{"line":82,"column":2},"end":{"line":82,"column":null}},"14":{"start":{"line":90,"column":20},"end":{"line":90,"column":null}},"15":{"start":{"line":91,"column":20},"end":{"line":91,"column":null}},"16":{"start":{"line":92,"column":17},"end":{"line":92,"column":null}},"17":{"start":{"line":93,"column":19},"end":{"line":93,"column":null}},"18":{"start":{"line":94,"column":2},"end":{"line":94,"column":null}}},"fnMap":{"0":{"name":"isAllowedMimeType","decl":{"start":{"line":56,"column":16},"end":{"line":56,"column":34}},"loc":{"start":{"line":56,"column":80},"end":{"line":69,"column":null}},"line":56},"1":{"name":"isFileSizeValid","decl":{"start":{"line":71,"column":16},"end":{"line":71,"column":32}},"loc":{"start":{"line":71,"column":60},"end":{"line":74,"column":null}},"line":71},"2":{"name":"getFileNameWithoutExtension","decl":{"start":{"line":76,"column":16},"end":{"line":76,"column":44}},"loc":{"start":{"line":76,"column":70},"end":{"line":78,"column":null}},"line":76},"3":{"name":"getFileExtension","decl":{"start":{"line":80,"column":16},"end":{"line":80,"column":33}},"loc":{"start":{"line":80,"column":59},"end":{"line":83,"column":null}},"line":80},"4":{"name":"generateStorageFileName","decl":{"start":{"line":89,"column":16},"end":{"line":89,"column":40}},"loc":{"start":{"line":89,"column":74},"end":{"line":95,"column":null}},"line":89}},"branchMap":{"0":{"loc":{"start":{"line":57,"column":30},"end":{"line":57,"column":46}},"type":"binary-expr","locations":[{"start":{"line":57,"column":30},"end":{"line":57,"column":42}},{"start":{"line":57,"column":42},"end":{"line":57,"column":46}}],"line":57},"1":{"loc":{"start":{"line":59,"column":2},"end":{"line":61,"column":null}},"type":"if","locations":[{"start":{"line":59,"column":2},"end":{"line":61,"column":null}},{"start":{},"end":{}}],"line":59},"2":{"loc":{"start":{"line":59,"column":6},"end":{"line":59,"column":72}},"type":"binary-expr","locations":[{"start":{"line":59,"column":6},"end":{"line":59,"column":28}},{"start":{"line":59,"column":28},"end":{"line":59,"column":72}}],"line":59},"3":{"loc":{"start":{"line":63,"column":2},"end":{"line":66,"column":null}},"type":"if","locations":[{"start":{"line":63,"column":2},"end":{"line":66,"column":null}},{"start":{},"end":{}}],"line":63},"4":{"loc":{"start":{"line":73,"column":9},"end":{"line":73,"column":null}},"type":"binary-expr","locations":[{"start":{"line":73,"column":9},"end":{"line":73,"column":26}},{"start":{"line":73,"column":26},"end":{"line":73,"column":null}}],"line":73},"5":{"loc":{"start":{"line":77,"column":9},"end":{"line":77,"column":null}},"type":"binary-expr","locations":[{"start":{"line":77,"column":9},"end":{"line":77,"column":61}},{"start":{"line":77,"column":61},"end":{"line":77,"column":null}}],"line":77},"6":{"loc":{"start":{"line":82,"column":9},"end":{"line":82,"column":null}},"type":"cond-expr","locations":[{"start":{"line":82,"column":26},"end":{"line":82,"column":31}},{"start":{"line":82,"column":31},"end":{"line":82,"column":null}}],"line":82},"7":{"loc":{"start":{"line":94,"column":9},"end":{"line":94,"column":null}},"type":"cond-expr","locations":[{"start":{"line":94,"column":21},"end":{"line":94,"column":50}},{"start":{"line":94,"column":50},"end":{"line":94,"column":null}}],"line":94}},"s":{"0":1,"1":1,"2":29,"3":29,"4":17,"5":12,"6":6,"7":6,"8":6,"9":7,"10":7,"11":0,"12":15,"13":15,"14":5,"15":5,"16":5,"17":5,"18":5},"f":{"0":29,"1":7,"2":0,"3":15,"4":5},"b":{"0":[29,8],"1":[17,12],"2":[29,21],"3":[6,6],"4":[7,5],"5":[0,0],"6":[2,13],"7":[4,1]},"meta":{"lastBranch":8,"lastFunction":5,"lastStatement":19,"seen":{"s:8:27:29:Infinity":0,"s:32:32:54:Infinity":1,"f:56:16:56:34":0,"s:57:8:57:Infinity":2,"b:57:30:57:42:57:42:57:46":0,"b:59:2:61:Infinity:undefined:undefined:undefined:undefined":1,"s:59:2:61:Infinity":3,"b:59:6:59:28:59:28:59:72":2,"s:60:4:60:Infinity":4,"b:63:2:66:Infinity:undefined:undefined:undefined:undefined":3,"s:63:2:66:Infinity":5,"s:64:22:64:Infinity":6,"s:65:4:65:Infinity":7,"s:68:2:68:Infinity":8,"f:71:16:71:32":1,"s:72:19:72:Infinity":9,"s:73:2:73:Infinity":10,"b:73:9:73:26:73:26:73:Infinity":4,"f:76:16:76:44":2,"s:77:2:77:Infinity":11,"b:77:9:77:61:77:61:77:Infinity":5,"f:80:16:80:33":3,"s:81:18:81:Infinity":12,"s:82:2:82:Infinity":13,"b:82:26:82:31:82:31:82:Infinity":6,"f:89:16:89:40":4,"s:90:20:90:Infinity":14,"s:91:20:91:Infinity":15,"s:92:17:92:Infinity":16,"s:93:19:93:Infinity":17,"s:94:2:94:Infinity":18,"b:94:21:94:50:94:50:94:Infinity":7}}}
,"/Users/bugra/Documents/AI_Bootcamp/innovat-epam-portal/innovat-epam-portal/lib/validations/auth.ts": {"path":"/Users/bugra/Documents/AI_Bootcamp/innovat-epam-portal/innovat-epam-portal/lib/validations/auth.ts","statementMap":{"0":{"start":{"line":8,"column":30},"end":{"line":23,"column":null}},"1":{"start":{"line":27,"column":27},"end":{"line":34,"column":null}}},"fnMap":{},"branchMap":{},"s":{"0":1,"1":1},"f":{},"b":{},"meta":{"lastBranch":0,"lastFunction":0,"lastStatement":2,"seen":{"s:8:30:23:Infinity":0,"s:27:27:34:Infinity":1}}}
,"/Users/bugra/Documents/AI_Bootcamp/innovat-epam-portal/innovat-epam-portal/lib/validations/evaluation.ts": {"path":"/Users/bugra/Documents/AI_Bootcamp/innovat-epam-portal/innovat-epam-portal/lib/validations/evaluation.ts","statementMap":{"0":{"start":{"line":7,"column":34},"end":{"line":18,"column":null}},"1":{"start":{"line":9,"column":21},"end":{"line":9,"column":null}}},"fnMap":{"0":{"name":"(anonymous_0)","decl":{"start":{"line":9,"column":4},"end":{"line":9,"column":21}},"loc":{"start":{"line":9,"column":21},"end":{"line":9,"column":null}},"line":9}},"branchMap":{},"s":{"0":1,"1":2},"f":{"0":2},"b":{},"meta":{"lastBranch":0,"lastFunction":1,"lastStatement":2,"seen":{"s:7:34:18:Infinity":0,"f:9:4:9:21":0,"s:9:21:9:Infinity":1}}}
,"/Users/bugra/Documents/AI_Bootcamp/innovat-epam-portal/innovat-epam-portal/lib/validations/idea.ts": {"path":"/Users/bugra/Documents/AI_Bootcamp/innovat-epam-portal/innovat-epam-portal/lib/validations/idea.ts","statementMap":{"0":{"start":{"line":7,"column":26},"end":{"line":7,"column":null}},"1":{"start":{"line":9,"column":32},"end":{"line":24,"column":null}},"2":{"start":{"line":26,"column":37},"end":{"line":41,"column":null}}},"fnMap":{},"branchMap":{},"s":{"0":1,"1":1,"2":1},"f":{},"b":{},"meta":{"lastBranch":0,"lastFunction":0,"lastStatement":3,"seen":{"s:7:26:7:Infinity":0,"s:9:32:24:Infinity":1,"s:26:37:41:Infinity":2}}}
}
